-- Found ament_cmake: 2.5.4 (/opt/ros/jazzy/share/ament_cmake/cmake)
-- Override CMake install command with custom implementation using symlinks instead of copying resources
-- Found rclcpp: 28.1.9 (/opt/ros/jazzy/share/rclcpp/cmake)
-- Found rosidl_generator_c: 4.6.5 (/opt/ros/jazzy/share/rosidl_generator_c/cmake)
-- Found rosidl_generator_cpp: 4.6.5 (/opt/ros/jazzy/share/rosidl_generator_cpp/cmake)
-- Using all available rosidl_typesupport_c: rosidl_typesupport_fastrtps_c;rosidl_typesupport_introspection_c
-- Using all available rosidl_typesupport_cpp: rosidl_typesupport_fastrtps_cpp;rosidl_typesupport_introspection_cpp
-- Found rmw_implementation_cmake: 7.3.2 (/opt/ros/jazzy/share/rmw_implementation_cmake/cmake)
-- Found rmw_fastrtps_cpp: 8.4.2 (/opt/ros/jazzy/share/rmw_fastrtps_cpp/cmake)
-- Using RMW implementation 'rmw_fastrtps_cpp' as default
-- Found rclcpp_cascade_lifecycle: 2.0.2 (/home/rumbahuh/asr_ws/install/rclcpp_cascade_lifecycle/share/rclcpp_cascade_lifecycle/cmake)
-- Found geometry_msgs: 5.3.6 (/opt/ros/jazzy/share/geometry_msgs/cmake)
-- Found tf2_ros: 0.36.10 (/opt/ros/jazzy/share/tf2_ros/cmake)
-- Found tf2_geometry_msgs: 0.36.10 (/opt/ros/jazzy/share/tf2_geometry_msgs/cmake)
-- Found eigen3_cmake_module: 0.3.0 (/opt/ros/jazzy/share/eigen3_cmake_module/cmake)
-- Ensuring Eigen3 include directory is part of orocos-kdl CMake target
-- Found vision_msgs: 4.1.1 (/opt/ros/jazzy/share/vision_msgs/cmake)
-- Found nav2_msgs: 1.3.6 (/opt/ros/jazzy/share/nav2_msgs/cmake)
-- Configuring done (2.3s)
-- Generating done (0.1s)
-- Build files have been written to: /home/rumbahuh/asr_ws/src/proyecto-final-arqui-rumbacorp/build/pfa_restaurante
[  7%] [32mBuilding CXX object CMakeFiles/speak_pfa_node.dir/src/controlper/Speak.cpp.o[0m
[ 14%] [32mBuilding CXX object CMakeFiles/listen_pfa_node.dir/src/controlper/Listen.cpp.o[0m
[ 21%] [32mBuilding CXX object CMakeFiles/control_main.dir/src/control_main.cpp.o[0m
[ 28%] [32mBuilding CXX object CMakeFiles/checktable_pfa_node.dir/src/controlper/CheckTable.cpp.o[0m
[ 35%] [32mBuilding CXX object CMakeFiles/countpeople_pfa_node.dir/src/controlper/CountPeople.cpp.o[0m
[ 42%] [32mBuilding CXX object CMakeFiles/gotodoor_pfa_node.dir/src/controlper/GoToDoor.cpp.o[0m
[ 50%] [32mBuilding CXX object CMakeFiles/gototable_pfa_node.dir/src/controlper/GoToTable.cpp.o[0m
In file included from [01m[K/home/rumbahuh/asr_ws/src/proyecto-final-arqui-rumbacorp/pfa_restaurante/src/controlper/Listen.cpp:1[m[K:
[01m[K/home/rumbahuh/asr_ws/src/proyecto-final-arqui-rumbacorp/pfa_restaurante/include/controlper/Listen.hpp:5:10:[m[K [01;31m[Kfatal error: [m[Kwhisper_msgs/msg/transcription.hpp: No such file or directory
    5 | #include [01;31m[K"whisper_msgs/msg/transcription.hpp"[m[K
      |          [01;31m[K^~~~~~~~~~~~~~~~~~~~~~~~~~~~~~~~~~~~[m[K
compilation terminated.
gmake[2]: *** [CMakeFiles/listen_pfa_node.dir/build.make:76: CMakeFiles/listen_pfa_node.dir/src/controlper/Listen.cpp.o] Error 1
gmake[1]: *** [CMakeFiles/Makefile2:279: CMakeFiles/listen_pfa_node.dir/all] Error 2
gmake[1]: *** Waiting for unfinished jobs....
[ 57%] [32m[1mLinking CXX shared library libchecktable_pfa_node.so[0m
[ 57%] Built target checktable_pfa_node
[ 64%] [32m[1mLinking CXX shared library libcountpeople_pfa_node.so[0m
[ 71%] [32m[1mLinking CXX executable control_main[0m
[ 71%] Built target countpeople_pfa_node
[ 71%] Built target control_main
[ 78%] [32m[1mLinking CXX shared library libspeak_pfa_node.so[0m
[ 78%] Built target speak_pfa_node
[ 85%] [32m[1mLinking CXX shared library libgototable_pfa_node.so[0m
[ 92%] [32m[1mLinking CXX shared library libgotodoor_pfa_node.so[0m
[ 92%] Built target gototable_pfa_node
[ 92%] Built target gotodoor_pfa_node
gmake: *** [Makefile:146: all] Error 2
