[0.038s] Invoking command in '/home/rumbahuh/asr_ws/src/proyecto-final-arqui-rumbacorp/build/pfa_restaurante': CMAKE_PREFIX_PATH=${CMAKE_PREFIX_PATH}:/home/rumbahuh/asr_ws/install/yolo_ros:/home/rumbahuh/asr_ws/install/rclpy_cascade_lifecycle:/home/rumbahuh/asr_ws/install/llama_cli:/home/rumbahuh/asr_ws/install/br2_fsm_bumpgo_py:/opt/ros/jazzy DEBUGINFOD_URLS=https://debuginfod.ubuntu.com /usr/bin/cmake --build /home/rumbahuh/asr_ws/src/proyecto-final-arqui-rumbacorp/build/pfa_restaurante -- -j12 -l12
[0.118s] -- Found ament_cmake: 2.5.4 (/opt/ros/jazzy/share/ament_cmake/cmake)
[0.536s] -- Override CMake install command with custom implementation using symlinks instead of copying resources
[0.548s] -- Found rclcpp: 28.1.9 (/opt/ros/jazzy/share/rclcpp/cmake)
[0.603s] -- Found rosidl_generator_c: 4.6.5 (/opt/ros/jazzy/share/rosidl_generator_c/cmake)
[0.618s] -- Found rosidl_generator_cpp: 4.6.5 (/opt/ros/jazzy/share/rosidl_generator_cpp/cmake)
[0.644s] -- Using all available rosidl_typesupport_c: rosidl_typesupport_fastrtps_c;rosidl_typesupport_introspection_c
[0.673s] -- Using all available rosidl_typesupport_cpp: rosidl_typesupport_fastrtps_cpp;rosidl_typesupport_introspection_cpp
[0.787s] -- Found rmw_implementation_cmake: 7.3.2 (/opt/ros/jazzy/share/rmw_implementation_cmake/cmake)
[0.797s] -- Found rmw_fastrtps_cpp: 8.4.2 (/opt/ros/jazzy/share/rmw_fastrtps_cpp/cmake)
[0.940s] -- Using RMW implementation 'rmw_fastrtps_cpp' as default
[1.059s] -- Found rclcpp_cascade_lifecycle: 2.0.2 (/home/rumbahuh/asr_ws/install/rclcpp_cascade_lifecycle/share/rclcpp_cascade_lifecycle/cmake)
[1.158s] -- Found geometry_msgs: 5.3.6 (/opt/ros/jazzy/share/geometry_msgs/cmake)
[1.213s] -- Found tf2_ros: 0.36.10 (/opt/ros/jazzy/share/tf2_ros/cmake)
[1.409s] -- Found tf2_geometry_msgs: 0.36.10 (/opt/ros/jazzy/share/tf2_geometry_msgs/cmake)
[1.415s] -- Found eigen3_cmake_module: 0.3.0 (/opt/ros/jazzy/share/eigen3_cmake_module/cmake)
[1.417s] -- Ensuring Eigen3 include directory is part of orocos-kdl CMake target
[1.420s] -- Found vision_msgs: 4.1.1 (/opt/ros/jazzy/share/vision_msgs/cmake)
[1.452s] -- Found nav2_msgs: 1.3.6 (/opt/ros/jazzy/share/nav2_msgs/cmake)
[2.440s] -- Configuring done (2.3s)
[2.621s] -- Generating done (0.1s)
[2.645s] -- Build files have been written to: /home/rumbahuh/asr_ws/src/proyecto-final-arqui-rumbacorp/build/pfa_restaurante
[2.764s] [  7%] [32mBuilding CXX object CMakeFiles/speak_pfa_node.dir/src/controlper/Speak.cpp.o[0m
[2.767s] [ 14%] [32mBuilding CXX object CMakeFiles/listen_pfa_node.dir/src/controlper/Listen.cpp.o[0m
[2.776s] [ 21%] [32mBuilding CXX object CMakeFiles/control_main.dir/src/control_main.cpp.o[0m
[2.776s] [ 28%] [32mBuilding CXX object CMakeFiles/checktable_pfa_node.dir/src/controlper/CheckTable.cpp.o[0m
[2.776s] [ 35%] [32mBuilding CXX object CMakeFiles/countpeople_pfa_node.dir/src/controlper/CountPeople.cpp.o[0m
[2.780s] [ 42%] [32mBuilding CXX object CMakeFiles/gotodoor_pfa_node.dir/src/controlper/GoToDoor.cpp.o[0m
[2.788s] [ 50%] [32mBuilding CXX object CMakeFiles/gototable_pfa_node.dir/src/controlper/GoToTable.cpp.o[0m
[3.358s] In file included from [01m[K/home/rumbahuh/asr_ws/src/proyecto-final-arqui-rumbacorp/pfa_restaurante/src/controlper/Listen.cpp:1[m[K:
[3.358s] [01m[K/home/rumbahuh/asr_ws/src/proyecto-final-arqui-rumbacorp/pfa_restaurante/include/controlper/Listen.hpp:5:10:[m[K [01;31m[Kfatal error: [m[Kwhisper_msgs/msg/transcription.hpp: No such file or directory
[3.358s]     5 | #include [01;31m[K"whisper_msgs/msg/transcription.hpp"[m[K
[3.358s]       |          [01;31m[K^~~~~~~~~~~~~~~~~~~~~~~~~~~~~~~~~~~~[m[K
[3.358s] compilation terminated.
[3.367s] gmake[2]: *** [CMakeFiles/listen_pfa_node.dir/build.make:76: CMakeFiles/listen_pfa_node.dir/src/controlper/Listen.cpp.o] Error 1
[3.367s] gmake[1]: *** [CMakeFiles/Makefile2:279: CMakeFiles/listen_pfa_node.dir/all] Error 2
[3.367s] gmake[1]: *** Waiting for unfinished jobs....
[5.117s] [ 57%] [32m[1mLinking CXX shared library libchecktable_pfa_node.so[0m
[5.393s] [ 57%] Built target checktable_pfa_node
[8.215s] [ 64%] [32m[1mLinking CXX shared library libcountpeople_pfa_node.so[0m
[8.396s] [ 71%] [32m[1mLinking CXX executable control_main[0m
[8.489s] [ 71%] Built target countpeople_pfa_node
[8.768s] [ 71%] Built target control_main
[9.590s] [ 78%] [32m[1mLinking CXX shared library libspeak_pfa_node.so[0m
[9.905s] [ 78%] Built target speak_pfa_node
[10.242s] [ 85%] [32m[1mLinking CXX shared library libgototable_pfa_node.so[0m
[10.249s] [ 92%] [32m[1mLinking CXX shared library libgotodoor_pfa_node.so[0m
[10.480s] [ 92%] Built target gototable_pfa_node
[10.482s] [ 92%] Built target gotodoor_pfa_node
[10.483s] gmake: *** [Makefile:146: all] Error 2
[10.485s] Invoked command in '/home/rumbahuh/asr_ws/src/proyecto-final-arqui-rumbacorp/build/pfa_restaurante' returned '2': CMAKE_PREFIX_PATH=${CMAKE_PREFIX_PATH}:/home/rumbahuh/asr_ws/install/yolo_ros:/home/rumbahuh/asr_ws/install/rclpy_cascade_lifecycle:/home/rumbahuh/asr_ws/install/llama_cli:/home/rumbahuh/asr_ws/install/br2_fsm_bumpgo_py:/opt/ros/jazzy DEBUGINFOD_URLS=https://debuginfod.ubuntu.com /usr/bin/cmake --build /home/rumbahuh/asr_ws/src/proyecto-final-arqui-rumbacorp/build/pfa_restaurante -- -j12 -l12
