[0.037s] Invoking command in '/home/rumbahuh/asr_ws/src/proyecto-final-arqui-rumbacorp/build/pfa_restaurante': CMAKE_PREFIX_PATH=${CMAKE_PREFIX_PATH}:/home/rumbahuh/asr_ws/install/yolo_ros:/home/rumbahuh/asr_ws/install/rclpy_cascade_lifecycle:/home/rumbahuh/asr_ws/install/llama_cli:/home/rumbahuh/asr_ws/install/br2_fsm_bumpgo_py:/opt/ros/jazzy DEBUGINFOD_URLS=https://debuginfod.ubuntu.com /usr/bin/cmake /home/rumbahuh/asr_ws/src/proyecto-final-arqui-rumbacorp/pfa_restaurante -DAMENT_CMAKE_SYMLINK_INSTALL=1 -DCMAKE_INSTALL_PREFIX=/home/rumbahuh/asr_ws/src/proyecto-final-arqui-rumbacorp/install/pfa_restaurante
[0.287s] -- The C compiler identification is GNU 13.3.0
[0.445s] -- The CXX compiler identification is GNU 13.3.0
[0.490s] -- Detecting C compiler ABI info
[0.735s] -- Detecting C compiler ABI info - done
[0.751s] -- Check for working C compiler: /usr/bin/cc - skipped
[0.759s] -- Detecting C compile features
[0.760s] -- Detecting C compile features - done
[0.784s] -- Detecting CXX compiler ABI info
[1.041s] -- Detecting CXX compiler ABI info - done
[1.057s] -- Check for working CXX compiler: /usr/bin/c++ - skipped
[1.057s] -- Detecting CXX compile features
[1.058s] -- Detecting CXX compile features - done
[1.106s] -- Found ament_cmake: 2.5.4 (/opt/ros/jazzy/share/ament_cmake/cmake)
[1.633s] -- Found Python3: /usr/bin/python3 (found version "3.12.3") found components: Interpreter 
[1.783s] -- Override CMake install command with custom implementation using symlinks instead of copying resources
[2.169s] -- Found rclcpp: 28.1.9 (/opt/ros/jazzy/share/rclcpp/cmake)
[2.464s] -- Found rosidl_generator_c: 4.6.5 (/opt/ros/jazzy/share/rosidl_generator_c/cmake)
[2.559s] -- Found rosidl_generator_cpp: 4.6.5 (/opt/ros/jazzy/share/rosidl_generator_cpp/cmake)
[2.669s] -- Using all available rosidl_typesupport_c: rosidl_typesupport_fastrtps_c;rosidl_typesupport_introspection_c
[2.780s] -- Using all available rosidl_typesupport_cpp: rosidl_typesupport_fastrtps_cpp;rosidl_typesupport_introspection_cpp
[3.172s] -- Found rmw_implementation_cmake: 7.3.2 (/opt/ros/jazzy/share/rmw_implementation_cmake/cmake)
[3.209s] -- Found rmw_fastrtps_cpp: 8.4.2 (/opt/ros/jazzy/share/rmw_fastrtps_cpp/cmake)
[3.594s] -- Found OpenSSL: /usr/lib/x86_64-linux-gnu/libcrypto.so (found version "3.0.13")  
[3.646s] -- Found FastRTPS: /opt/ros/jazzy/include (Required is at least version "2.13") 
[3.701s] -- Using RMW implementation 'rmw_fastrtps_cpp' as default
[3.995s] -- Found rclcpp_cascade_lifecycle: 2.0.2 (/home/rumbahuh/asr_ws/install/rclcpp_cascade_lifecycle/share/rclcpp_cascade_lifecycle/cmake)
[4.247s] -- Found geometry_msgs: 5.3.6 (/opt/ros/jazzy/share/geometry_msgs/cmake)
[4.360s] -- Found tf2_ros: 0.36.10 (/opt/ros/jazzy/share/tf2_ros/cmake)
[4.904s] -- Found tf2_geometry_msgs: 0.36.10 (/opt/ros/jazzy/share/tf2_geometry_msgs/cmake)
[5.031s] -- Found eigen3_cmake_module: 0.3.0 (/opt/ros/jazzy/share/eigen3_cmake_module/cmake)
[5.034s] -- Found Eigen3: TRUE (found version "3.4.0") 
[5.034s] -- Ensuring Eigen3 include directory is part of orocos-kdl CMake target
[5.063s] -- Found vision_msgs: 4.1.1 (/opt/ros/jazzy/share/vision_msgs/cmake)
[5.127s] -- Found nav2_msgs: 1.3.6 (/opt/ros/jazzy/share/nav2_msgs/cmake)
[5.428s] -- Found PkgConfig: /usr/bin/pkg-config (found version "1.8.1") 
[5.430s] -- Checking for module 'libzmq'
[5.490s] --   Found libzmq, version 4.3.5
[6.270s] -- Configuring done (6.2s)
[6.424s] -- Generating done (0.1s)
[6.442s] -- Build files have been written to: /home/rumbahuh/asr_ws/src/proyecto-final-arqui-rumbacorp/build/pfa_restaurante
[6.464s] Invoked command in '/home/rumbahuh/asr_ws/src/proyecto-final-arqui-rumbacorp/build/pfa_restaurante' returned '0': CMAKE_PREFIX_PATH=${CMAKE_PREFIX_PATH}:/home/rumbahuh/asr_ws/install/yolo_ros:/home/rumbahuh/asr_ws/install/rclpy_cascade_lifecycle:/home/rumbahuh/asr_ws/install/llama_cli:/home/rumbahuh/asr_ws/install/br2_fsm_bumpgo_py:/opt/ros/jazzy DEBUGINFOD_URLS=https://debuginfod.ubuntu.com /usr/bin/cmake /home/rumbahuh/asr_ws/src/proyecto-final-arqui-rumbacorp/pfa_restaurante -DAMENT_CMAKE_SYMLINK_INSTALL=1 -DCMAKE_INSTALL_PREFIX=/home/rumbahuh/asr_ws/src/proyecto-final-arqui-rumbacorp/install/pfa_restaurante
[6.466s] Invoking command in '/home/rumbahuh/asr_ws/src/proyecto-final-arqui-rumbacorp/build/pfa_restaurante': CMAKE_PREFIX_PATH=${CMAKE_PREFIX_PATH}:/home/rumbahuh/asr_ws/install/yolo_ros:/home/rumbahuh/asr_ws/install/rclpy_cascade_lifecycle:/home/rumbahuh/asr_ws/install/llama_cli:/home/rumbahuh/asr_ws/install/br2_fsm_bumpgo_py:/opt/ros/jazzy DEBUGINFOD_URLS=https://debuginfod.ubuntu.com /usr/bin/cmake --build /home/rumbahuh/asr_ws/src/proyecto-final-arqui-rumbacorp/build/pfa_restaurante -- -j12 -l12
[6.628s] [ 30%] [32mBuilding CXX object CMakeFiles/checktable_pfa_node.dir/src/controlper/CheckTable.cpp.o[0m
[6.628s] [ 30%] [32mBuilding CXX object CMakeFiles/countpeople_pfa_node.dir/src/controlper/CountPeople.cpp.o[0m
[6.628s] [ 30%] [32mBuilding CXX object CMakeFiles/gototable_pfa_node.dir/src/controlper/GoToTable.cpp.o[0m
[6.628s] [ 40%] [32mBuilding CXX object CMakeFiles/gotodoor_pfa_node.dir/src/controlper/GoToDoor.cpp.o[0m
[6.629s] [ 50%] [32mBuilding CXX object CMakeFiles/control_main.dir/src/control_main.cpp.o[0m
[9.130s] [ 60%] [32m[1mLinking CXX shared library libchecktable_pfa_node.so[0m
[9.136s] gmake[2]: *** [CMakeFiles/checktable_pfa_node.dir/build.make:290: libchecktable_pfa_node.so] Interrupt
[9.136s] gmake[2]: *** [CMakeFiles/control_main.dir/build.make:76: CMakeFiles/control_main.dir/src/control_main.cpp.o] Interrupt
[9.137s] gmake[2]: *** [CMakeFiles/countpeople_pfa_node.dir/build.make:76: CMakeFiles/countpeople_pfa_node.dir/src/controlper/CountPeople.cpp.o] Interrupt
[9.137s] gmake[2]: *** [CMakeFiles/gotodoor_pfa_node.dir/build.make:76: CMakeFiles/gotodoor_pfa_node.dir/src/controlper/GoToDoor.cpp.o] Interrupt
[9.137s] gmake[2]: *** [CMakeFiles/gototable_pfa_node.dir/build.make:76: CMakeFiles/gototable_pfa_node.dir/src/controlper/GoToTable.cpp.o] Interrupt
[9.137s] gmake[1]: *** [CMakeFiles/Makefile2:197: CMakeFiles/checktable_pfa_node.dir/all] Interrupt
[9.137s] gmake[1]: *** [CMakeFiles/Makefile2:145: CMakeFiles/gotodoor_pfa_node.dir/all] Interrupt
[9.138s] gmake[1]: *** [CMakeFiles/Makefile2:249: CMakeFiles/control_main.dir/all] Interrupt
[9.138s] gmake[1]: *** [CMakeFiles/Makefile2:171: CMakeFiles/countpeople_pfa_node.dir/all] Interrupt
[9.138s] gmake[1]: *** [CMakeFiles/Makefile2:223: CMakeFiles/gototable_pfa_node.dir/all] Interrupt
[9.138s] gmake: *** [Makefile:146: all] Interrupt
[9.175s] Invoked command in '/home/rumbahuh/asr_ws/src/proyecto-final-arqui-rumbacorp/build/pfa_restaurante' returned '-2': CMAKE_PREFIX_PATH=${CMAKE_PREFIX_PATH}:/home/rumbahuh/asr_ws/install/yolo_ros:/home/rumbahuh/asr_ws/install/rclpy_cascade_lifecycle:/home/rumbahuh/asr_ws/install/llama_cli:/home/rumbahuh/asr_ws/install/br2_fsm_bumpgo_py:/opt/ros/jazzy DEBUGINFOD_URLS=https://debuginfod.ubuntu.com /usr/bin/cmake --build /home/rumbahuh/asr_ws/src/proyecto-final-arqui-rumbacorp/build/pfa_restaurante -- -j12 -l12
